[2025-11-16 00:49:34] [INFO] Added to include patterns: *.py, *.js, *.ts
[2025-11-16 00:49:34] [INFO] Added to include patterns: *.py, *.js
[2025-11-16 00:49:34] [INFO] Added to include patterns: *.py, *.js
[2025-11-16 00:49:34] [INFO] Added to include patterns: *.js, *.ts
[2025-11-16 00:49:34] [INFO] Syncing /var/folders/ht/z9tb9vq568d_p6h4q3t6ncdc0000gp/T/vcp-test-1763254174699-mcnx0vtucoh...
[2025-11-16 00:49:34] [INFO] ✓ Synced /var/folders/ht/z9tb9vq568d_p6h4q3t6ncdc0000gp/T/vcp-test-1763254174699-mcnx0vtucoh (1ms)
[2025-11-16 00:49:34] [INFO] Added to include patterns: *.py
[2025-11-16 00:49:34] [ERROR] Not in a VectorCode project. Use -p to specify project path or --all to sync all tracked projects.
[2025-11-16 00:49:34] [ERROR] Failed to sync: Process.exit called with 1
[2025-11-16 00:49:34] [INFO] Added to include patterns: *.py, *.js, *.ts, *.md
[2025-11-16 00:49:34] [INFO] Removed from include patterns: *.js, *.md
[2025-11-16 00:49:34] [INFO] Syncing /var/folders/ht/z9tb9vq568d_p6h4q3t6ncdc0000gp/T/vcp-test-1763254174704-d5govksbeqh...
[2025-11-16 00:49:34] [INFO] ✓ Synced /var/folders/ht/z9tb9vq568d_p6h4q3t6ncdc0000gp/T/vcp-test-1763254174704-d5govksbeqh (0ms)
[2025-11-16 00:49:34] [ERROR] Project path does not exist: /nonexistent/path
[2025-11-16 00:49:34] [INFO] Added to exclude patterns: node_modules, dist
[2025-11-16 00:49:34] [ERROR] Failed to sync: Process.exit called with 1
[2025-11-16 00:49:34] [INFO] Added to exclude patterns: test, build
[2025-11-16 00:49:34] [INFO] No tracked projects
[2025-11-16 00:49:34] [INFO] Added to exclude patterns: **/__pycache__/**, **/node_modules/**
[2025-11-16 00:49:34] [INFO] Syncing /var/folders/ht/z9tb9vq568d_p6h4q3t6ncdc0000gp/T/vcp-test-1763254174706-5s42u7s29v...
[2025-11-16 00:49:34] [INFO] Syncing /var/folders/ht/z9tb9vq568d_p6h4q3t6ncdc0000gp/T/vcp-test-1763254174706-9sadopvzhd6...
[2025-11-16 00:49:34] [INFO] ✓ Synced /var/folders/ht/z9tb9vq568d_p6h4q3t6ncdc0000gp/T/vcp-test-1763254174706-5s42u7s29v (0ms)
[2025-11-16 00:49:34] [INFO] ✓ Synced /var/folders/ht/z9tb9vq568d_p6h4q3t6ncdc0000gp/T/vcp-test-1763254174706-9sadopvzhd6 (0ms)
[2025-11-16 00:49:34] [INFO] Added to exclude patterns: node_modules, dist, build
[2025-11-16 00:49:34] [INFO] Removed from exclude patterns: dist
[2025-11-16 00:49:34] [INFO] Added to include patterns: *.py, *.js
[2025-11-16 00:49:34] [INFO] Added to exclude patterns: node_modules
[2025-11-16 00:49:34] [ERROR] Project path does not exist: /nonexistent
[2025-11-16 00:49:34] [ERROR] Failed to manage patterns: Process.exit called with 1
[2025-11-16 00:49:34] [ERROR] No patterns specified. Use --view to display current patterns.
[2025-11-16 00:49:34] [ERROR] Failed to manage patterns: Process.exit called with 1
[2025-11-16 00:49:34] [WARN] No tracked projects found
[2025-11-16 00:49:34] [ERROR] Failed to sync: Process.exit called with 0
[2025-11-16 00:49:34] [INFO] Syncing /var/folders/ht/z9tb9vq568d_p6h4q3t6ncdc0000gp/T/vcp-test-1763254174720-kh8n9ptofio...
[2025-11-16 00:49:34] [INFO] Syncing /var/folders/ht/z9tb9vq568d_p6h4q3t6ncdc0000gp/T/vcp-test-1763254174720-logllu8v7z...
[2025-11-16 00:49:34] [INFO] Syncing /var/folders/ht/z9tb9vq568d_p6h4q3t6ncdc0000gp/T/vcp-test-1763254174720-wkuyi7btgw...
[2025-11-16 00:49:34] [INFO] ✓ Synced /var/folders/ht/z9tb9vq568d_p6h4q3t6ncdc0000gp/T/vcp-test-1763254174720-kh8n9ptofio (0ms)
[2025-11-16 00:49:34] [ERROR] ✗ Failed to sync /var/folders/ht/z9tb9vq568d_p6h4q3t6ncdc0000gp/T/vcp-test-1763254174720-logllu8v7z: Error occurred
[2025-11-16 00:49:34] [INFO] ✓ Synced /var/folders/ht/z9tb9vq568d_p6h4q3t6ncdc0000gp/T/vcp-test-1763254174720-wkuyi7btgw (0ms)
[2025-11-16 00:49:34] [ERROR] Failed to sync: Process.exit called with 1
[2025-11-16 00:49:34] [INFO] Syncing /var/folders/ht/z9tb9vq568d_p6h4q3t6ncdc0000gp/T/vcp-test-1763254174722-mny39jradu...
[2025-11-16 00:49:34] [INFO] ✓ Synced /var/folders/ht/z9tb9vq568d_p6h4q3t6ncdc0000gp/T/vcp-test-1763254174722-mny39jradu (0ms)
[2025-11-16 00:49:34] [INFO] Syncing /var/folders/ht/z9tb9vq568d_p6h4q3t6ncdc0000gp/T/vcp-test-1763254174723-2bcqvhxsefn...
[2025-11-16 00:49:34] [INFO] ✓ Synced /var/folders/ht/z9tb9vq568d_p6h4q3t6ncdc0000gp/T/vcp-test-1763254174723-2bcqvhxsefn (0ms)
[2025-11-16 00:49:34] [INFO] Found 2 unsynced project(s)
[2025-11-16 00:49:34] [INFO] Syncing /var/folders/ht/z9tb9vq568d_p6h4q3t6ncdc0000gp/T/vcp-test-1763254174724-3mbido3fxm6...
[2025-11-16 00:49:34] [INFO] Syncing /var/folders/ht/z9tb9vq568d_p6h4q3t6ncdc0000gp/T/vcp-test-1763254174724-sbund73rv...
[2025-11-16 00:49:34] [INFO] ✓ Synced /var/folders/ht/z9tb9vq568d_p6h4q3t6ncdc0000gp/T/vcp-test-1763254174724-3mbido3fxm6 (0ms)
[2025-11-16 00:49:34] [INFO] ✓ Synced /var/folders/ht/z9tb9vq568d_p6h4q3t6ncdc0000gp/T/vcp-test-1763254174724-sbund73rv (0ms)
[2025-11-16 00:49:34] [INFO] All tracked projects are already synced!
[2025-11-16 00:49:34] [ERROR] Failed to sync: Process.exit called with 0
[2025-11-16 00:49:34] [INFO] All projects are synced!
[2025-11-16 00:49:34] [INFO] Added project: /var/folders/ht/z9tb9vq568d_p6h4q3t6ncdc0000gp/T/vcp-test-1763254174778-fwmcldbqxzn (with hooks)
[2025-11-16 00:49:34] [INFO] Added project: /var/folders/ht/z9tb9vq568d_p6h4q3t6ncdc0000gp/T/vcp-test-1763254174787-vyxgqx172w (with hooks)
[2025-11-16 00:49:34] [INFO] Initializing VectorCode project at /var/folders/ht/z9tb9vq568d_p6h4q3t6ncdc0000gp/T/vcp-test-1763254174790-96n9vovdven (with git hooks)...
[2025-11-16 00:49:34] [INFO] VectorCode project initialized
[2025-11-16 00:49:34] [INFO] Added project: /var/folders/ht/z9tb9vq568d_p6h4q3t6ncdc0000gp/T/vcp-test-1763254174790-96n9vovdven (with hooks)
[2025-11-16 00:49:34] [WARN] Project already tracked: /var/folders/ht/z9tb9vq568d_p6h4q3t6ncdc0000gp/T/vcp-test-1763254174791-t0ct1rjipqq
[2025-11-16 00:49:34] [ERROR] Failed to add project: Process.exit called with 0
[2025-11-16 00:49:34] [ERROR] Not in a VectorCode project. Use -p to specify project path.
[2025-11-16 00:49:34] [ERROR] Failed to add project: Process.exit called with 1
[2025-11-16 00:49:34] [ERROR] Project path does not exist: /nonexistent/path
[2025-11-16 00:49:34] [ERROR] Failed to add project: Process.exit called with 1
[2025-11-16 00:49:34] [ERROR] Not a directory: /var/folders/ht/z9tb9vq568d_p6h4q3t6ncdc0000gp/T/vcp-test-1763254174794-athpkn1s80k/file.txt
[2025-11-16 00:49:34] [ERROR] Failed to add project: Process.exit called with 1
[2025-11-16 00:49:34] [INFO] No tracked projects
[2025-11-16 00:49:34] [WARN] 2 project(s) have invalid paths
[2025-11-16 00:49:34] [WARN] Run `vcp edit` to remove them
[2025-11-16 00:49:34] [WARN] 1 project(s) have invalid paths
[2025-11-16 00:49:34] [WARN] Run `vcp edit` to remove them
